2026-06-25 05:06:51: -- 分析开始 On File Change Incremental
2026-06-25 05:06:53: 变更：17， 冲突：0， 复制时间：0， 复制状态：0， 错误： 0, All: 63206
2026-06-25 05:06:53: Left to Right: Copy File: 16 Delete File: 1 
2026-06-25 05:06:53: == 同步开始由 On File Change Incremental
2026-06-25 05:06:53: 删除文件 'D:/beizitie/dist/assets/index-B_VE0fby.js'
2026-06-25 05:06:53: 覆盖复制 'Z:/projectC/calligraphy-memory/.git/COMMIT_EDITMSG' -> 'D:/beizitie/.git/COMMIT_EDITMSG' (213)
2026-06-25 05:06:53: 覆盖复制 'Z:/projectC/calligraphy-memory/.git/index' -> 'D:/beizitie/.git/index' (11,333)
2026-06-25 05:06:54: 覆盖复制 'Z:/projectC/calligraphy-memory/.git/logs/HEAD' -> 'D:/beizitie/.git/logs/HEAD' (35,846)
2026-06-25 05:06:54: 覆盖复制 'Z:/projectC/calligraphy-memory/.git/logs/refs/heads/main' -> 'D:/beizitie/.git/logs/refs/heads/main' (34,543)
2026-06-25 05:06:54: 新建复制 'Z:/projectC/calligraphy-memory/.git/objects/6b/c2c38cff4453c29fe70c5504c927ea9d18452a' -> 'D:/beizitie/.git/objects/6b/c2c38cff4453c29fe70c5504c927ea9d18452a' (351)
2026-06-25 05:06:54: 新建复制 'Z:/projectC/calligraphy-memory/.git/objects/d5/9694f317f673516ffa6076cef09dba0ddb512f' -> 'D:/beizitie/.git/objects/d5/9694f317f673516ffa6076cef09dba0ddb512f' (394)
2026-06-25 05:06:54: 新建复制 'Z:/projectC/calligraphy-memory/.git/objects/e0/4d6d1922a8484e5c36b7529c9cbb7a8c382b11' -> 'D:/beizitie/.git/objects/e0/4d6d1922a8484e5c36b7529c9cbb7a8c382b11' (804)
2026-06-25 05:06:54: 新建复制 'Z:/projectC/calligraphy-memory/.git/objects/e9/fecb4efd678571567e19c00729b3664f8a87f2' -> 'D:/beizitie/.git/objects/e9/fecb4efd678571567e19c00729b3664f8a87f2' (405)
2026-06-25 05:06:54: 新建复制 'Z:/projectC/calligraphy-memory/.git/objects/f3/4bf1aff631809c75ca3e148a1901e00ed6ca5f' -> 'D:/beizitie/.git/objects/f3/4bf1aff631809c75ca3e148a1901e00ed6ca5f' (5,264)
2026-06-25 05:06:54: 覆盖复制 'Z:/projectC/calligraphy-memory/.git/refs/heads/main' -> 'D:/beizitie/.git/refs/heads/main' (41)
2026-06-25 05:06:54: 新建复制 'Z:/projectC/calligraphy-memory/dist/assets/index-BPNyjirH.js' -> 'D:/beizitie/dist/assets/index-BPNyjirH.js' (535,235)
2026-06-25 05:06:54: 覆盖复制 'Z:/projectC/calligraphy-memory/dist/assets/index-DlbH1stI.css' -> 'D:/beizitie/dist/assets/index-DlbH1stI.css' (8,828)
2026-06-25 05:06:54: 覆盖复制 'Z:/projectC/calligraphy-memory/dist/assets/mui-core-CWHlZXBh.js' -> 'D:/beizitie/dist/assets/mui-core-CWHlZXBh.js' (349,716)
2026-06-25 05:06:54: 覆盖复制 'Z:/projectC/calligraphy-memory/dist/assets/mui-icons-WUE-CUrQ.js' -> 'D:/beizitie/dist/assets/mui-icons-WUE-CUrQ.js' (883)
2026-06-25 05:06:54: 覆盖复制 'Z:/projectC/calligraphy-memory/dist/assets/vendor-D-TyT44w.js' -> 'D:/beizitie/dist/assets/vendor-D-TyT44w.js' (163,515)
2026-06-25 05:06:54: 覆盖复制 'Z:/projectC/calligraphy-memory/dist/index.html' -> 'D:/beizitie/dist/index.html' (1,307)
2026-06-25 05:06:57: == 同步完成. 历时: 00:00:04, 速度: 1.16 MB/s, 完成: 17, 错误: 0
2026-06-25 05:06:57: 
